297
297 103
226 195
11 280
86 21
266 238
126 176
224 202
153 294
107 132
216 142
34 140
277 175
49 133
243 188
17 20
12 246
167 56
190 76
28 207
162 283
248 173
165 239
186 278
122 146
223 62
57 231
199 248
187 245
131 25
104 159
255 77
191 240
44 35
193 126
211 37
109 194
88 222
31 227
244 130
250 106
124 98
249 178
237 40
185 105
81 88
189 1
247 162
121 44
164 149
143 75
160 208
100 235
45 230
79 211
7 251
139 154
95 295
217 30
280 129
30 259
59 131
282 261
288 215
68 49
48 241
241 121
10 23
69 11
253 3
26 181
177 204
227 192
72 57
154 54
173 111
20 160
283 110
274 80
114 127
112 183
235 61
146 89
117 124
40 270
157 262
135 243
106 272
137 92
108 213
242 135
278 285
300 199
279 43
171 170
29 68
101 180
74 189
15 277
50 174
61 69
78 33
230 274
54 276
43 267
42 63
14 296
96 86
220 2
258 38
286 152
23 136
16 193
37 29
19 164
205 220
22 214
75 48
98 55
218 4
163 45
202 74
213 66
129 182
182 279
136 32
251 52
267 60
63 289
221 242
151 281
120 5
296 271
281 218
21 94
103 263
3 290
97 96
195 197
147 59
116 145
152 104
92 264
52 275
159 292
127 287
93 109
71 84
259 201
210 73
144 6
5 286
41 116
178 16
66 87
260 284
257 179
272 128
118 17
32 265
85 187
130 31
102 210
99 34
180 236
175 269
172 161
27 148
156 26
252 260
119 165
184 273
4 297
55 9
236 97
133 224
141 200
270 58
158 209
225 254
24 252
298 107
35 147
200 81
155 95
115 250
208 282
222 217
197 90
214 253
161 93
58 232
56 169
89 172
275 156
13 144
166 171
46 134
284 155
203 228
261 99
67 10
90 216
239 299
53 255
289 185
295 141
132 113
82 266
233 291
271 298
228 184
212 117
206 177
196 157
1 15
265 28
285 234
291 85
209 206
293 158
276 72
2 237
110 14
64 13
38 82
145 112
192 122
232 153
215 70
238 219
201 64
170 163
299 256
263 293
269 24
149 225
262 244
6 46
231 212
111 27
39 102
256 258
73 65
246 79
84 190
62 196
292 247
105 249
138 151
273 143
268 22
264 53
240 221
123 150
168 191
65 8
245 166
8 39
60 268
18 12
33 203
36 83
140 205
128 226
94 168
113 167
9 41
234 100
77 120
87 223
188 198
290 67
287 186
83 42
70 115
76 19
25 18
142 114
183 139
207 288
47 108
219 51
150 125
194 229
254 119
80 36
179 47
169 137
174 91
176 123
125 257
51 118
181 138
294 50
204 78
198 101
229 300
