1167
12898 14832
13776 1480
18461 22627
14719 2165
670 19771
18089 37924
18443 20682
11173 4311
808 33109
12457 16856
16563 20483
2835 2839
4646 5463
18413 32388
2210 100
4170 31922
13671 28333
18310 27887
14931 33377
11070 37261
3864 18918
14024 39663
7222 9516
12409 19484
16556 37972
2654 35187
10404 28170
5085 16114
19618 7052
16539 22869
10704 27193
1631 29905
10646 3513
1857 12297
12937 2248
18268 35203
5229 19278
15437 12879
1905 29764
17272 32996
6583 17551
4957 39206
7638 22476
2475 8019
2573 33790
8475 25195
16743 28863
3791 21048
7618 22553
14896 31633
18252 17912
18517 36237
3201 23144
11869 19411
18642 21032
18667 28431
11030 5935
956 28711
11447 2920
999 17244
5135 38866
9246 35316
18733 5243
10423 11114
17088 11867
11482 19607
8113 1008
12250 17490
15892 35539
17161 22572
15404 34328
13689 21365
16741 32285
9907 30568
2738 39787
12393 13207
139 12051
3683 12440
10121 9500
4528 822
11355 26413
18228 3306
2261 18590
1925 2957
17120 38097
18860 19057
7533 17408
14429 9489
7003 27850
10960 27370
8890 1636
922 12721
5420 11574
19786 1017
4670 16604
19102 38052
16466 21232
15912 10677
17560 8973
14322 12549
3483 1168
8506 30949
8100 25052
9992 18943
14468 12714
19707 18581
2201 19351
6882 8356
2958 8782
12240 36329
14367 24786
12711 33811
10900 17308
7273 4195
6556 28134
6139 3728
11056 25839
18689 36321
6496 29167
9948 30106
12613 24406
11826 7858
4540 1986
10699 26549
17074 34121
19219 16115
693 14965
4054 12550
6998 26186
13015 14557
8916 21687
6809 38637
16807 4033
6284 27436
1296 19502
14253 36539
13031 12842
2414 13808
12083 11041
17594 961
2853 27050
345 4172
403 3426
14472 3579
1581 31274
906 37348
1626 17372
19590 9857
11916 27175
15374 8440
7031 17676
6164 35670
14822 10147
17572 17947
3299 27253
14773 9106
18527 21374
15467 9275
7799 26747
1209 26271
19218 13105
14497 13288
13731 24809
4965 7634
4282 3565
13889 18012
11799 19133
13771 12735
1342 7136
2383 33760
6986 27652
8343 23865
15659 31521
13055 5305
4864 7713
7860 35618
7028 15953
9282 33085
19848 15060
5250 39308
19402 39333
8593 30398
10478 39600
18332 6381
12897 34378
15854 26217
7596 16137
611 1278
11710 1652
14910 3168
4337 27747
2272 17066
9580 19324
2072 21217
1182 9524
9212 30753
18791 30831
11067 15716
15222 35241
11879 21922
1498 7195
5971 13831
12542 24531
6498 13088
17288 27596
10342 27450
16995 12272
4728 14181
1059 36569
7871 39041
12150 22433
6551 8851
14007 8781
18737 29497
15758 1061
3114 28126
4935 4886
13769 28653
17283 9002
319 15606
12180 39691
16641 30785
5561 39415
18144 2249
11277 25761
12104 14581
13263 30520
4059 38566
14578 18885
10070 11033
5934 32251
16082 33368
4637 13503
19224 30217
16815 26079
17610 22639
19492 15288
2090 13002
5154 31652
16785 29354
9698 4578
13808 13898
11806 10960
16051 32410
19856 20944
15914 7687
888 22755
16465 4600
9978 11910
13435 5299
12652 10361
1449 18023
16580 18230
836 33119
15636 31658
1992 4891
11335 28998
3224 8517
1687 37786
7685 8941
7565 5836
16208 26515
19878 39396
5260 28937
7803 2176
15696 35074
10600 25747
2176 13153
15092 12514
14895 13481
9692 21763
18227 8093
12061 22517
15909 15676
10469 19303
18691 24240
2723 28043
11704 642
4974 16621
16151 12238
8936 4333
16111 5426
13909 30320
4435 39664
12305 33631
8276 25442
5344 31849
5708 3280
6050 15217
9036 29220
15543 19947
5517 15683
7140 33583
5681 18186
19437 18972
12222 36714
14081 20142
17532 31596
16158 10512
18559 36534
14108 12554
15772 26863
19317 12056
5829 20312
7678 36925
2230 16342
18426 18798
17521 15098
2566 34660
13983 9813
3424 18662
9440 36419
14956 31418
7266 36230
14653 15952
15972 32936
5296 35785
3873 7905
12069 11803
6259 25013
13411 12995
17444 23934
18035 16758
7681 6275
12357 24144
17450 23143
13072 11864
19936 20671
8353 13659
7282 20912
359 445
12519 32003
6740 28416
18927 35297
5930 36144
946 4443
10133 17223
52 26047
11817 12038
15581 37866
6267 35413
1920 20414
11107 19298
13821 17169
8784 14551
3016 22982
3773 30834
7119 22223
12860 31741
17347 14459
10431 31858
4519 35510
12942 18677
9540 2855
15701 9315
2382 15345
12486 16388
11882 32303
11430 13223
14875 6984
646 3920
2727 14221
16801 31822
5178 22447
5176 17958
13477 31558
8196 36514
17477 31393
17831 20445
16908 15373
6701 12147
15402 8014
3444 17128
12159 11850
3008 4097
15059 16156
1989 35684
8941 35960
18836 32658
13936 38213
19580 38188
18648 17026
18415 3199
5056 37702
14771 10589
412 14412
6309 38148
18432 36434
1701 4544
543 7691
18925 38134
4886 29008
7840 37769
6067 34
6034 17931
14957 15591
13566 20630
15524 20123
17907 8646
2165 31957
10950 1667
4207 17766
8110 23068
5695 29939
8868 36703
5253 30754
1815 3274
10272 32879
587 31519
4926 15936
10356 6866
12087 9288
1428 38187
9560 25296
18699 11170
4061 10845
18024 19923
5817 16362
12375 30273
5992 24073
6100 13869
6752 28533
14296 19483
8601 32324
15926 31687
13167 30023
14914 34153
17846 7268
1679 22950
19194 39892
19763 10022
17865 38042
3748 35796
4045 36764
17281 38977
286 31629
8605 21361
11656 10398
5989 26932
8230 29538
14172 39050
12040 19230
16615 34480
17986 16734
18740 24166
5294 3329
10136 17810
8629 4050
18237 19684
2478 29613
17659 17406
11834 23791
13735 9707
18997 26150
6798 39563
18711 3925
9416 33353
6578 16261
12035 31756
6787 25346
14992 31307
1997 16042
3939 27199
8238 286
18169 37498
11194 38129
16109 26884
19126 30338
10834 36437
13065 24385
368 13522
16481 28675
11458 31268
15305 6645
1126 15817
17116 5403
7830 37468
12826 2255
5617 35844
19205 22697
2854 38278
10927 27339
320 15190
14834 16896
8079 15071
19735 32229
2881 4326
12681 22461
17537 17009
15548 27026
10031 11142
18261 21181
3440 15432
3570 28870
6846 147
16819 23519
311 23788
2412 36981
16235 11564
11248 19989
4820 36439
856 10914
16478 32227
9975 12072
16180 7621
10432 28594
19935 25907
5923 21785
16108 17401
10463 38447
2089 39973
16451 24904
6417 27129
971 32217
9281 38495
5193 32511
15802 28852
17576 25338
12665 26032
15254 12914
13601 23317
17033 16259
4959 32917
19710 886
671 36782
16339 14208
1521 19894
18137 31369
15182 2880
2828 2965
5011 20784
10048 29694
18488 34147
8938 27167
13937 15900
1193 14352
7338 26113
205 33202
2558 22086
1691 14902
15522 14503
17783 5128
9426 18319
7410 35711
116 22751
17798 5084
13616 14564
2780 37661
3100 10884
46 8748
19596 10301
19201 9324
16554 23095
6213 17985
16888 21660
11241 21923
7643 36533
7425 8949
1731 10131
14015 850
1658 32392
9173 5976
24 7431
12923 33689
12089 39226
11942 18717
18329 6340
11250 37224
18138 6718
13259 19068
11003 33694
10429 28351
19016 7187
15684 10570
6438 37230
11891 14410
4675 5157
5340 7144
1472 11445
7865 2622
3989 22061
18829 4107
4798 2817
17507 20054
17225 8894
11156 37993
18827 19339
3306 30370
12081 7565
19075 3240
5291 9211
4901 33505
14158 35674
10924 21353
3676 26606
14600 36647
5238 15611
13931 21285
2522 14960
5391 9503
5682 28759
378 17831
753 3292
7503 18222
18727 20911
14150 26471
3004 10726
18015 20018
18983 23840
10038 19494
17975 552
19346 33581
6594 33651
537 38214
5798 18341
10735 26631
12863 29800
2822 18063
10449 39278
15520 26296
7311 36707
6910 37573
13704 24461
10757 36167
8973 5212
8805 7005
18741 4670
16946 5541
19486 12762
6909 32688
14569 22633
13750 27138
7880 30349
16222 23839
13770 17107
8340 18155
8 10920
7615 1105
8444 5676
7869 39134
8296 2738
10969 14753
8813 10562
3956 8604
1918 33682
9761 34382
7179 33539
13275 12329
5648 35626
4511 23368
17743 5703
17946 36781
15258 3867
97 459
13334 9112
11125 13046
5131 14677
8848 31435
10029 36067
4892 31463
5464 6217
19449 271
3832 77
5358 18754
16429 38382
4533 12239
10631 32338
9328 27972
17510 3394
10795 4044
2164 17187
5350 35895
7255 24054
12809 38023
3295 7214
6903 1710
10318 30844
7699 13058
7336 24540
19762 10477
11741 20695
16723 1800
13759 12921
14993 11279
3802 38860
9449 35878
15596 24554
9278 13683
12111 39947
5759 658
19458 28671
14784 28876
1229 23414
1976 18840
8321 34465
7434 33726
3369 24257
3415 17281
9122 2297
19267 2605
16280 32995
976 14026
4041 26185
11579 17979
11321 11215
14179 28768
6645 24323
1453 7398
902 14043
12972 18473
8951 33597
18905 39794
14954 16968
3231 38300
11217 38920
9713 12828
17250 18163
1852 12059
16694 7438
4783 33030
5538 9985
4624 36497
12332 6538
13235 18520
6432 4282
10223 27066
10499 17865
17894 7115
13247 6900
5408 21719
19519 3289
10077 20011
293 34001
5740 8091
19986 5043
3170 8304
16149 15803
16889 11111
13746 38747
13020 23698
1255 28328
11162 294
1903 8125
11743 13198
8025 19092
10907 11429
11979 36418
15895 20034
5497 15853
12647 23984
1242 32599
9720 38804
10972 25409
2632 5056
6621 27492
3223 23674
3919 32925
15348 13504
10622 27099
10453 10033
10957 29847
17581 39620
7594 32983
4882 33299
2694 16876
19774 14109
1317 659
14373 29267
10167 12384
8670 15189
17457 36615
8336 19376
18881 23461
15571 37718
11722 4810
6450 19083
7706 38905
6662 5602
3882 489
19158 37783
13480 7547
16647 5749
17990 37539
15639 16085
6305 7914
8692 17878
14484 38130
10385 32313
6596 37976
1777 32462
2923 26048
202 14595
3808 38499
18328 4597
4838 17611
12152 8079
15953 17501
4466 33842
8390 38091
18441 1257
16077 35304
17920 29669
6294 31758
9080 38018
18605 38731
13366 35897
9091 25223
9380 21871
9755 27630
18793 18547
10363 37695
8160 33088
1681 37292
15246 17773
17887 37604
8149 8328
10378 21064
3053 37398
11266 685
2589 16737
3781 23566
8182 1161
1038 9908
1225 33900
17634 35892
6083 21448
432 35700
16440 2351
11460 7927
19854 2574
9065 10418
10339 9305
390 10345
7141 11214
18104 29085
2297 25280
1239 18508
9880 31697
18763 9131
2400 12411
2661 12134
524 20432
1014 39536
13157 27817
17242 33176
3402 13668
12640 5505
13109 26879
7385 35744
11631 36629
12380 121
17556 6062
18414 240
16010 6025
18306 38417
9590 12934
3934 35467
15929 14672
12512 2652
4044 17560
865 6491
1814 1838
8522 28290
18801 24528
2885 28400
7363 13696
14603 15317
11407 10787
9341 27369
11691 37497
8450 37156
10682 36531
8036 27404
12784 19831
9320 6828
2830 29320
19488 18245
16105 20249
18469 344
5826 7516
11344 25814
3583 4122
17847 407
18662 15398
19896 38506
969 27023
12192 15977
3300 22207
10505 25071
15193 11543
13842 2725
2451 13160
10477 39434
11455 35813
11226 36879
19042 38474
11108 33206
3210 17833
3045 4112
792 27810
4569 39675
19228 37694
9297 1772
1809 15869
9407 2227
15944 33686
19122 26052
9163 29448
12105 4501
597 37173
10637 29447
13105 10287
19499 6266
9954 1062
8518 25102
4265 33453
11508 20590
4983 6603
10377 13366
1583 37097
2152 5019
13059 16427
15410 2064
8644 3620
885 26696
2122 23843
11243 6470
17893 22801
8927 33526
14028 28234
16896 20513
1493 22055
81 10545
9685 24331
15934 6440
3677 37139
11170 13567
10956 2948
7782 25156
3476 17672
13308 200
14714 39931
1771 26336
13587 20336
5649 13272
14648 708
11330 5514
14501 15884
15960 15297
19276 32871
5940 14230
16324 24165
3563 35793
18408 2089
11346 15109
7732 12033
10608 37112
16902 17695
10200 26408
17465 3283
16691 2431
9473 21044
7864 15833
1306 884
14511 793
12195 24522
151 9907
17533 30145
1051 15100
10491 31513
4446 18639
8121 36091
15256 26504
4556 14226
10511 7891
6179 12507
2542 38043
3416 26745
13645 27726
4645 29740
3878 9543
4065 28339
14883 32309
4571 5420
12491 39825
4836 11259
13779 22918
10276 39500
9306 4216
6521 5448
877 37814
8215 17911
13875 21489
17076 32990
3615 30401
11708 23101
10091 30220
17322 13681
14450 24105
12842 26162
10178 16226
1957 11852
2106 24683
14134 36590
14553 38287
9486 6305
5182 4549
288 18051
13559 5913
6459 31874
12916 37458
10041 17930
18715 5775
924 13976
16562 9109
950 25623
13964 23240
6165 1745
2554 30642
10183 3465
12712 33503
5827 31129
1867 17808
12133 14592
3241 13902
18920 31379
5456 20500
16120 9046
16474 3969
12053 30293
14185 25170
15536 14639
16585 29352
6736 3362
19113 789
2858 2135
3435 36333
8342 29028
4235 25022
5436 36466
19438 181
3783 34554
12946 24565
8275 23473
18973 10964
7768 8689
1393 19657
19214 15781
5314 28969
18084 38182
5918 4747
17840 29513
2744 14244
12646 22361
17113 90
11408 3559
9446 21677
7811 33624
1716 22019
15302 15581
19271 33045
892 12880
5866 26953
12932 2333
8394 36334
18083 5967
5300 39526
9434 3945
2782 33998
5235 19536
4406 27804
4309 3370
16349 35102
18099 24187
8249 22746
1134 29724
14360 27564
17795 25777
93 2011
5844 38700
8440 4320
19996 36246
6218 18463
10624 16429
4384 32739
5378 8292
1084 30783
11390 18881
13008 15340
5400 27538
15250 18390
19393 26403
4806 373
4927 6949
9294 36169
1440 15348
8171 36154
16430 32998
8267 12579
12601 38601
16608 39513
4410 31554
4051 39868
15132 34457
9965 11802
10201 14048
6561 25428
736 38718
18493 14862
9629 24672
14349 38377
15888 17064
1329 35390
4576 4723
3730 6467
80 16529
2322 11556
17356 36106
2689 2041
6174 36351
930 6396
78 36371
5373 31459
18218 35261
749 11117
19830 30162
18185 24845
4055 25148
12329 11737
3026 21276
5209 37469
12299 14816
15204 16671
13220 25594
16204 20969
13051 24438
4029 14768
15021 22238
10397 20733
8248 3989
17427 11422
276 21756
7342 3976
17778 36031
9202 4655
19990 6731
4785 22839
17383 14047
7918 2556
1946 36672
10383 15751
18377 30895
11082 13844
6132 5012
11031 20435
15669 7844
2865 20803
14933 5118
4827 15575
1320 24865
8694 33513
18455 25704
13126 30591
17554 29301
15978 36474
1489 29009
6348 34702
